# JRE version: Java(TM) SE Runtime Environment (8.0_92-b14) (build 1.8.0_92-b14)
# Java VM: Java HotSpot(TM) Client VM (25.92-b14 mixed mode windows-x86 )
Heap:
 def new generation   total 39424K, used 24747K [0x10200000, 0x12cc0000, 0x1aca0000)
  eden space 35072K,  70% used [0x10200000, 0x11a12ba8, 0x12440000)
  from space 4352K,   2% used [0x12880000, 0x128983b0, 0x12cc0000)
  to   space 4352K,   0% used [0x12440000, 0x12440000, 0x12880000)
 tenured generation   total 87424K, used 25476K [0x1aca0000, 0x20200000, 0x30200000)
   the space 87424K,  29% used [0x1aca0000, 0x1c581030, 0x1c581200, 0x20200000)
 Metaspace       used 18213K, capacity 18685K, committed 18816K, reserved 18816K
GC Heap History (10 events):
Event: 72.964 GC heap before
{Heap before GC invocations=9 (full 1):
 def new generation   total 39424K, used 35236K [0x10200000, 0x12cc0000, 0x1aca0000)
  eden space 35072K, 100% used [0x10200000, 0x12440000, 0x12440000)
  from space 4352K,   3% used [0x12440000, 0x124693b0, 0x12880000)
  to   space 4352K,   0% used [0x12880000, 0x12880000, 0x12cc0000)
 tenured generation   total 87424K, used 25476K [0x1aca0000, 0x20200000, 0x30200000)
   the space 87424K,  29% used [0x1aca0000, 0x1c581030, 0x1c581200, 0x20200000)
 Metaspace       used 18152K, capacity 18618K, committed 18688K, reserved 18816K
Event: 72.966 GC heap after
Heap after GC invocations=10 (full 1):
 def new generation   total 39424K, used 99K [0x10200000, 0x12cc0000, 0x1aca0000)
  eden space 35072K,   0% used [0x10200000, 0x10200000, 0x12440000)
  from space 4352K,   2% used [0x12880000, 0x12898c80, 0x12cc0000)
  to   space 4352K,   0% used [0x12440000, 0x12440000, 0x12880000)
 tenured generation   total 87424K, used 25476K [0x1aca0000, 0x20200000, 0x30200000)
   the space 87424K,  29% used [0x1aca0000, 0x1c581030, 0x1c581200, 0x20200000)
 Metaspace       used 18152K, capacity 18618K, committed 18688K, reserved 18816K
}
Event: 78.457 GC heap before
{Heap before GC invocations=10 (full 1):
 def new generation   total 39424K, used 35171K [0x10200000, 0x12cc0000, 0x1aca0000)
  eden space 35072K, 100% used [0x10200000, 0x12440000, 0x12440000)
  from space 4352K,   2% used [0x12880000, 0x12898c80, 0x12cc0000)
  to   space 4352K,   0% used [0x12440000, 0x12440000, 0x12880000)
 tenured generation   total 87424K, used 25476K [0x1aca0000, 0x20200000, 0x30200000)
   the space 87424K,  29% used [0x1aca0000, 0x1c581030, 0x1c581200, 0x20200000)
 Metaspace       used 18176K, capacity 18650K, committed 18688K, reserved 18816K
Event: 78.459 GC heap after
Heap after GC invocations=11 (full 1):
 def new generation   total 39424K, used 90K [0x10200000, 0x12cc0000, 0x1aca0000)
  eden space 35072K,   0% used [0x10200000, 0x10200000, 0x12440000)
  from space 4352K,   2% used [0x12440000, 0x124568d8, 0x12880000)
  to   space 4352K,   0% used [0x12880000, 0x12880000, 0x12cc0000)
 tenured generation   total 87424K, used 25476K [0x1aca0000, 0x20200000, 0x30200000)
   the space 87424K,  29% used [0x1aca0000, 0x1c581030, 0x1c581200, 0x20200000)
 Metaspace       used 18176K, capacity 18650K, committed 18688K, reserved 18816K
}
Event: 83.931 GC heap before
{Heap before GC invocations=11 (full 1):
 def new generation   total 39424K, used 35162K [0x10200000, 0x12cc0000, 0x1aca0000)
  eden space 35072K, 100% used [0x10200000, 0x12440000, 0x12440000)
  from space 4352K,   2% used [0x12440000, 0x124568d8, 0x12880000)
  to   space 4352K,   0% used [0x12880000, 0x12880000, 0x12cc0000)
 tenured generation   total 87424K, used 25476K [0x1aca0000, 0x20200000, 0x30200000)
   the space 87424K,  29% used [0x1aca0000, 0x1c581030, 0x1c581200, 0x20200000)
 Metaspace       used 18179K, capacity 18650K, committed 18688K, reserved 18816K
Event: 83.933 GC heap after
Heap after GC invocations=12 (full 1):
 def new generation   total 39424K, used 90K [0x10200000, 0x12cc0000, 0x1aca0000)
  eden space 35072K,   0% used [0x10200000, 0x10200000, 0x12440000)
  from space 4352K,   2% used [0x12880000, 0x12896830, 0x12cc0000)
  to   space 4352K,   0% used [0x12440000, 0x12440000, 0x12880000)
 tenured generation   total 87424K, used 25476K [0x1aca0000, 0x20200000, 0x30200000)
   the space 87424K,  29% used [0x1aca0000, 0x1c581030, 0x1c581200, 0x20200000)
 Metaspace       used 18179K, capacity 18650K, committed 18688K, reserved 18816K
}
Event: 89.505 GC heap before
{Heap before GC invocations=12 (full 1):
 def new generation   total 39424K, used 35162K [0x10200000, 0x12cc0000, 0x1aca0000)
  eden space 35072K, 100% used [0x10200000, 0x12440000, 0x12440000)
  from space 4352K,   2% used [0x12880000, 0x12896830, 0x12cc0000)
  to   space 4352K,   0% used [0x12440000, 0x12440000, 0x12880000)
 tenured generation   total 87424K, used 25476K [0x1aca0000, 0x20200000, 0x30200000)
   the space 87424K,  29% used [0x1aca0000, 0x1c581030, 0x1c581200, 0x20200000)
 Metaspace       used 18179K, capacity 18650K, committed 18688K, reserved 18816K
Event: 89.507 GC heap after
Heap after GC invocations=13 (full 1):
 def new generation   total 39424K, used 90K [0x10200000, 0x12cc0000, 0x1aca0000)
  eden space 35072K,   0% used [0x10200000, 0x10200000, 0x12440000)
  from space 4352K,   2% used [0x12440000, 0x12456a40, 0x12880000)
  to   space 4352K,   0% used [0x12880000, 0x12880000, 0x12cc0000)
 tenured generation   total 87424K, used 25476K [0x1aca0000, 0x20200000, 0x30200000)
   the space 87424K,  29% used [0x1aca0000, 0x1c581030, 0x1c581200, 0x20200000)
 Metaspace       used 18179K, capacity 18650K, committed 18688K, reserved 18816K
}
Event: 95.047 GC heap before
{Heap before GC invocations=13 (full 1):
 def new generation   total 39424K, used 35162K [0x10200000, 0x12cc0000, 0x1aca0000)
  eden space 35072K, 100% used [0x10200000, 0x12440000, 0x12440000)
  from space 4352K,   2% used [0x12440000, 0x12456a40, 0x12880000)
  to   space 4352K,   0% used [0x12880000, 0x12880000, 0x12cc0000)
 tenured generation   total 87424K, used 25476K [0x1aca0000, 0x20200000, 0x30200000)
   the space 87424K,  29% used [0x1aca0000, 0x1c581030, 0x1c581200, 0x20200000)
 Metaspace       used 18179K, capacity 18650K, committed 18688K, reserved 18816K
Event: 95.049 GC heap after
Heap after GC invocations=14 (full 1):
 def new generation   total 39424K, used 96K [0x10200000, 0x12cc0000, 0x1aca0000)
  eden space 35072K,   0% used [0x10200000, 0x10200000, 0x12440000)
  from space 4352K,   2% used [0x12880000, 0x128983b0, 0x12cc0000)
  to   space 4352K,   0% used [0x12440000, 0x12440000, 0x12880000)
 tenured generation   total 87424K, used 25476K [0x1aca0000, 0x20200000, 0x30200000)
   the space 87424K,  29% used [0x1aca0000, 0x1c581030, 0x1c581200, 0x20200000)
 Metaspace       used 18179K, capacity 18650K, committed 18688K, reserved 18816K
}

