# JRE version: Java(TM) SE Runtime Environment (8.0_92-b14) (build 1.8.0_92-b14)
# Java VM: Java HotSpot(TM) Client VM (25.92-b14 mixed mode windows-x86 )
Heap:
 def new generation   total 64896K, used 44343K [0x10200000, 0x14860000, 0x1aca0000)
  eden space 57728K,  68% used [0x10200000, 0x128c4a28, 0x13a60000)
  from space 7168K,  64% used [0x14160000, 0x145e94a8, 0x14860000)
  to   space 7168K,   0% used [0x13a60000, 0x13a60000, 0x14160000)
 tenured generation   total 143956K, used 97289K [0x1aca0000, 0x23935000, 0x30200000)
   the space 143956K,  67% used [0x1aca0000, 0x20ba2570, 0x20ba2600, 0x23935000)
 Metaspace       used 18327K, capacity 18757K, committed 18944K, reserved 19840K
GC Heap History (10 events):
Event: 888.719 GC heap before
{Heap before GC invocations=481 (full 41):
 def new generation   total 64896K, used 59033K [0x10200000, 0x14860000, 0x1aca0000)
  eden space 57728K,  96% used [0x10200000, 0x138499c0, 0x13a60000)
  from space 7168K,  48% used [0x13a60000, 0x13dbcbf8, 0x14160000)
  to   space 7168K,   0% used [0x14160000, 0x14160000, 0x14860000)
 tenured generation   total 143956K, used 93878K [0x1aca0000, 0x23935000, 0x30200000)
   the space 143956K,  65% used [0x1aca0000, 0x2084db60, 0x2084dc00, 0x23935000)
 Metaspace       used 18315K, capacity 18752K, committed 18944K, reserved 19840K
Event: 888.721 GC heap after
Heap after GC invocations=482 (full 41):
 def new generation   total 64896K, used 3443K [0x10200000, 0x14860000, 0x1aca0000)
  eden space 57728K,   0% used [0x10200000, 0x10200000, 0x13a60000)
  from space 7168K,  48% used [0x14160000, 0x144bcc80, 0x14860000)
  to   space 7168K,   0% used [0x13a60000, 0x13a60000, 0x14160000)
 tenured generation   total 143956K, used 93878K [0x1aca0000, 0x23935000, 0x30200000)
   the space 143956K,  65% used [0x1aca0000, 0x2084db60, 0x2084dc00, 0x23935000)
 Metaspace       used 18315K, capacity 18752K, committed 18944K, reserved 19840K
}
Event: 889.643 GC heap before
{Heap before GC invocations=482 (full 41):
 def new generation   total 64896K, used 59983K [0x10200000, 0x14860000, 0x1aca0000)
  eden space 57728K,  97% used [0x10200000, 0x13936fd8, 0x13a60000)
  from space 7168K,  48% used [0x14160000, 0x144bcc80, 0x14860000)
  to   space 7168K,   0% used [0x13a60000, 0x13a60000, 0x14160000)
 tenured generation   total 143956K, used 93878K [0x1aca0000, 0x23935000, 0x30200000)
   the space 143956K,  65% used [0x1aca0000, 0x2084db60, 0x2084dc00, 0x23935000)
 Metaspace       used 18315K, capacity 18752K, committed 18944K, reserved 19840K
Event: 889.646 GC heap after
Heap after GC invocations=483 (full 41):
 def new generation   total 64896K, used 34K [0x10200000, 0x14860000, 0x1aca0000)
  eden space 57728K,   0% used [0x10200000, 0x10200000, 0x13a60000)
  from space 7168K,   0% used [0x13a60000, 0x13a68b18, 0x14160000)
  to   space 7168K,   0% used [0x14160000, 0x14160000, 0x14860000)
 tenured generation   total 143956K, used 97289K [0x1aca0000, 0x23935000, 0x30200000)
   the space 143956K,  67% used [0x1aca0000, 0x20ba2570, 0x20ba2600, 0x23935000)
 Metaspace       used 18315K, capacity 18752K, committed 18944K, reserved 19840K
}
Event: 890.583 GC heap before
{Heap before GC invocations=483 (full 41):
 def new generation   total 64896K, used 57546K [0x10200000, 0x14860000, 0x1aca0000)
  eden space 57728K,  99% used [0x10200000, 0x13a29d58, 0x13a60000)
  from space 7168K,   0% used [0x13a60000, 0x13a68b18, 0x14160000)
  to   space 7168K,   0% used [0x14160000, 0x14160000, 0x14860000)
 tenured generation   total 143956K, used 97289K [0x1aca0000, 0x23935000, 0x30200000)
   the space 143956K,  67% used [0x1aca0000, 0x20ba2570, 0x20ba2600, 0x23935000)
 Metaspace       used 18315K, capacity 18752K, committed 18944K, reserved 19840K
Event: 890.585 GC heap after
Heap after GC invocations=484 (full 41):
 def new generation   total 64896K, used 34K [0x10200000, 0x14860000, 0x1aca0000)
  eden space 57728K,   0% used [0x10200000, 0x10200000, 0x13a60000)
  from space 7168K,   0% used [0x14160000, 0x14168a58, 0x14860000)
  to   space 7168K,   0% used [0x13a60000, 0x13a60000, 0x14160000)
 tenured generation   total 143956K, used 97289K [0x1aca0000, 0x23935000, 0x30200000)
   the space 143956K,  67% used [0x1aca0000, 0x20ba2570, 0x20ba2600, 0x23935000)
 Metaspace       used 18315K, capacity 18752K, committed 18944K, reserved 19840K
}
Event: 891.244 GC heap before
{Heap before GC invocations=484 (full 41):
 def new generation   total 64896K, used 55147K [0x10200000, 0x14860000, 0x1aca0000)
  eden space 57728K,  95% used [0x10200000, 0x137d2200, 0x13a60000)
  from space 7168K,   0% used [0x14160000, 0x14168a58, 0x14860000)
  to   space 7168K,   0% used [0x13a60000, 0x13a60000, 0x14160000)
 tenured generation   total 143956K, used 97289K [0x1aca0000, 0x23935000, 0x30200000)
   the space 143956K,  67% used [0x1aca0000, 0x20ba2570, 0x20ba2600, 0x23935000)
 Metaspace       used 18315K, capacity 18752K, committed 18944K, reserved 19840K
Event: 891.245 GC heap after
Heap after GC invocations=485 (full 41):
 def new generation   total 64896K, used 167K [0x10200000, 0x14860000, 0x1aca0000)
  eden space 57728K,   0% used [0x10200000, 0x10200000, 0x13a60000)
  from space 7168K,   2% used [0x13a60000, 0x13a89d90, 0x14160000)
  to   space 7168K,   0% used [0x14160000, 0x14160000, 0x14860000)
 tenured generation   total 143956K, used 97289K [0x1aca0000, 0x23935000, 0x30200000)
   the space 143956K,  67% used [0x1aca0000, 0x20ba2570, 0x20ba2600, 0x23935000)
 Metaspace       used 18315K, capacity 18752K, committed 18944K, reserved 19840K
}
Event: 892.184 GC heap before
{Heap before GC invocations=485 (full 41):
 def new generation   total 64896K, used 57284K [0x10200000, 0x14860000, 0x1aca0000)
  eden space 57728K,  98% used [0x10200000, 0x139c7598, 0x13a60000)
  from space 7168K,   2% used [0x13a60000, 0x13a89d90, 0x14160000)
  to   space 7168K,   0% used [0x14160000, 0x14160000, 0x14860000)
 tenured generation   total 143956K, used 97289K [0x1aca0000, 0x23935000, 0x30200000)
   the space 143956K,  67% used [0x1aca0000, 0x20ba2570, 0x20ba2600, 0x23935000)
 Metaspace       used 18315K, capacity 18752K, committed 18944K, reserved 19840K
Event: 892.186 GC heap after
Heap after GC invocations=486 (full 41):
 def new generation   total 64896K, used 4645K [0x10200000, 0x14860000, 0x1aca0000)
  eden space 57728K,   0% used [0x10200000, 0x10200000, 0x13a60000)
  from space 7168K,  64% used [0x14160000, 0x145e94a8, 0x14860000)
  to   space 7168K,   0% used [0x13a60000, 0x13a60000, 0x14160000)
 tenured generation   total 143956K, used 97289K [0x1aca0000, 0x23935000, 0x30200000)
   the space 143956K,  67% used [0x1aca0000, 0x20ba2570, 0x20ba2600, 0x23935000)
 Metaspace       used 18315K, capacity 18752K, committed 18944K, reserved 19840K
}

