# JRE version: Java(TM) SE Runtime Environment (8.0_92-b14) (build 1.8.0_92-b14)
# Java VM: Java HotSpot(TM) Client VM (25.92-b14 mixed mode windows-x86 )
Heap:
 def new generation   total 39424K, used 13947K [0x10200000, 0x12cc0000, 0x1aca0000)
  eden space 35072K,  32% used [0x10200000, 0x10d19728, 0x12440000)
  from space 4352K,  59% used [0x12440000, 0x126c5720, 0x12880000)
  to   space 4352K,   0% used [0x12880000, 0x12880000, 0x12cc0000)
 tenured generation   total 87424K, used 22711K [0x1aca0000, 0x20200000, 0x30200000)
   the space 87424K,  25% used [0x1aca0000, 0x1c2cdc58, 0x1c2cde00, 0x20200000)
 Metaspace       used 17580K, capacity 18015K, committed 18176K, reserved 18816K
GC Heap History (10 events):
Event: 1.478 GC heap before
{Heap before GC invocations=0 (full 0):
 def new generation   total 39296K, used 34944K [0x10200000, 0x12ca0000, 0x1aca0000)
  eden space 34944K, 100% used [0x10200000, 0x12420000, 0x12420000)
  from space 4352K,   0% used [0x12420000, 0x12420000, 0x12860000)
  to   space 4352K,   0% used [0x12860000, 0x12860000, 0x12ca0000)
 tenured generation   total 87424K, used 0K [0x1aca0000, 0x20200000, 0x30200000)
   the space 87424K,   0% used [0x1aca0000, 0x1aca0000, 0x1aca0200, 0x20200000)
 Metaspace       used 9661K, capacity 9830K, committed 9984K, reserved 10624K
Event: 1.493 GC heap after
Heap after GC invocations=1 (full 0):
 def new generation   total 39296K, used 4352K [0x10200000, 0x12ca0000, 0x1aca0000)
  eden space 34944K,   0% used [0x10200000, 0x10200000, 0x12420000)
  from space 4352K, 100% used [0x12860000, 0x12ca0000, 0x12ca0000)
  to   space 4352K,   0% used [0x12420000, 0x12420000, 0x12860000)
 tenured generation   total 87424K, used 2792K [0x1aca0000, 0x20200000, 0x30200000)
   the space 87424K,   3% used [0x1aca0000, 0x1af5a2a8, 0x1af5a400, 0x20200000)
 Metaspace       used 9661K, capacity 9830K, committed 9984K, reserved 10624K
}
Event: 2.529 GC heap before
{Heap before GC invocations=1 (full 0):
 def new generation   total 39296K, used 39296K [0x10200000, 0x12ca0000, 0x1aca0000)
  eden space 34944K, 100% used [0x10200000, 0x12420000, 0x12420000)
  from space 4352K, 100% used [0x12860000, 0x12ca0000, 0x12ca0000)
  to   space 4352K,   0% used [0x12420000, 0x12420000, 0x12860000)
 tenured generation   total 87424K, used 2792K [0x1aca0000, 0x20200000, 0x30200000)
   the space 87424K,   3% used [0x1aca0000, 0x1af5a2a8, 0x1af5a400, 0x20200000)
 Metaspace       used 11470K, capacity 11814K, committed 11904K, reserved 12672K
Event: 2.561 GC heap after
Heap after GC invocations=2 (full 0):
 def new generation   total 39296K, used 4352K [0x10200000, 0x12ca0000, 0x1aca0000)
  eden space 34944K,   0% used [0x10200000, 0x10200000, 0x12420000)
  from space 4352K, 100% used [0x12420000, 0x12860000, 0x12860000)
  to   space 4352K,   0% used [0x12860000, 0x12860000, 0x12ca0000)
 tenured generation   total 87424K, used 8522K [0x1aca0000, 0x20200000, 0x30200000)
   the space 87424K,   9% used [0x1aca0000, 0x1b4f2b00, 0x1b4f2c00, 0x20200000)
 Metaspace       used 11470K, capacity 11814K, committed 11904K, reserved 12672K
}
Event: 3.023 GC heap before
{Heap before GC invocations=2 (full 0):
 def new generation   total 39296K, used 12881K [0x10200000, 0x12ca0000, 0x1aca0000)
  eden space 34944K,  24% used [0x10200000, 0x10a54540, 0x12420000)
  from space 4352K, 100% used [0x12420000, 0x12860000, 0x12860000)
  to   space 4352K,   0% used [0x12860000, 0x12860000, 0x12ca0000)
 tenured generation   total 87424K, used 8522K [0x1aca0000, 0x20200000, 0x30200000)
   the space 87424K,   9% used [0x1aca0000, 0x1b4f2b00, 0x1b4f2c00, 0x20200000)
 Metaspace       used 11902K, capacity 12257K, committed 12288K, reserved 12672K
Event: 3.082 GC heap after
Heap after GC invocations=3 (full 1):
 def new generation   total 39424K, used 0K [0x10200000, 0x12cc0000, 0x1aca0000)
  eden space 35072K,   0% used [0x10200000, 0x10200000, 0x12440000)
  from space 4352K,   0% used [0x12440000, 0x12440000, 0x12880000)
  to   space 4352K,   0% used [0x12880000, 0x12880000, 0x12cc0000)
 tenured generation   total 87424K, used 14060K [0x1aca0000, 0x20200000, 0x30200000)
   the space 87424K,  16% used [0x1aca0000, 0x1ba5b350, 0x1ba5b400, 0x20200000)
 Metaspace       used 11902K, capacity 12257K, committed 12288K, reserved 12672K
}
Event: 6.237 GC heap before
{Heap before GC invocations=3 (full 1):
 def new generation   total 39424K, used 35072K [0x10200000, 0x12cc0000, 0x1aca0000)
  eden space 35072K, 100% used [0x10200000, 0x12440000, 0x12440000)
  from space 4352K,   0% used [0x12440000, 0x12440000, 0x12880000)
  to   space 4352K,   0% used [0x12880000, 0x12880000, 0x12cc0000)
 tenured generation   total 87424K, used 14060K [0x1aca0000, 0x20200000, 0x30200000)
   the space 87424K,  16% used [0x1aca0000, 0x1ba5b350, 0x1ba5b400, 0x20200000)
 Metaspace       used 17098K, capacity 17505K, committed 17664K, reserved 17792K
Event: 6.260 GC heap after
Heap after GC invocations=4 (full 1):
 def new generation   total 39424K, used 4352K [0x10200000, 0x12cc0000, 0x1aca0000)
  eden space 35072K,   0% used [0x10200000, 0x10200000, 0x12440000)
  from space 4352K, 100% used [0x12880000, 0x12cc0000, 0x12cc0000)
  to   space 4352K,   0% used [0x12440000, 0x12440000, 0x12880000)
 tenured generation   total 87424K, used 19949K [0x1aca0000, 0x20200000, 0x30200000)
   the space 87424K,  22% used [0x1aca0000, 0x1c01b760, 0x1c01b800, 0x20200000)
 Metaspace       used 17098K, capacity 17505K, committed 17664K, reserved 17792K
}
Event: 75.058 GC heap before
{Heap before GC invocations=4 (full 1):
 def new generation   total 39424K, used 39424K [0x10200000, 0x12cc0000, 0x1aca0000)
  eden space 35072K, 100% used [0x10200000, 0x12440000, 0x12440000)
  from space 4352K, 100% used [0x12880000, 0x12cc0000, 0x12cc0000)
  to   space 4352K,   0% used [0x12440000, 0x12440000, 0x12880000)
 tenured generation   total 87424K, used 19949K [0x1aca0000, 0x20200000, 0x30200000)
   the space 87424K,  22% used [0x1aca0000, 0x1c01b760, 0x1c01b800, 0x20200000)
 Metaspace       used 17568K, capacity 18015K, committed 18176K, reserved 18816K
Event: 75.082 GC heap after
Heap after GC invocations=5 (full 1):
 def new generation   total 39424K, used 2581K [0x10200000, 0x12cc0000, 0x1aca0000)
  eden space 35072K,   0% used [0x10200000, 0x10200000, 0x12440000)
  from space 4352K,  59% used [0x12440000, 0x126c5720, 0x12880000)
  to   space 4352K,   0% used [0x12880000, 0x12880000, 0x12cc0000)
 tenured generation   total 87424K, used 22711K [0x1aca0000, 0x20200000, 0x30200000)
   the space 87424K,  25% used [0x1aca0000, 0x1c2cdc58, 0x1c2cde00, 0x20200000)
 Metaspace       used 17568K, capacity 18015K, committed 18176K, reserved 18816K
}

