# JRE version: Java(TM) SE Runtime Environment (8.0_92-b14) (build 1.8.0_92-b14)
# Java VM: Java HotSpot(TM) Client VM (25.92-b14 mixed mode windows-x86 )
Heap:
 def new generation   total 39424K, used 5315K [0x10200000, 0x12cc0000, 0x1aca0000)
  eden space 35072K,  13% used [0x10200000, 0x106b5930, 0x12440000)
  from space 4352K,  11% used [0x12880000, 0x128fb3f0, 0x12cc0000)
  to   space 4352K,   0% used [0x12440000, 0x12440000, 0x12880000)
 tenured generation   total 87424K, used 22565K [0x1aca0000, 0x20200000, 0x30200000)
   the space 87424K,  25% used [0x1aca0000, 0x1c2a9788, 0x1c2a9800, 0x20200000)
 Metaspace       used 17873K, capacity 18328K, committed 18432K, reserved 18816K
GC Heap History (10 events):
Event: 2.524 GC heap before
{Heap before GC invocations=1 (full 0):
 def new generation   total 39296K, used 39296K [0x10200000, 0x12ca0000, 0x1aca0000)
  eden space 34944K, 100% used [0x10200000, 0x12420000, 0x12420000)
  from space 4352K, 100% used [0x12860000, 0x12ca0000, 0x12ca0000)
  to   space 4352K,   0% used [0x12420000, 0x12420000, 0x12860000)
 tenured generation   total 87424K, used 2837K [0x1aca0000, 0x20200000, 0x30200000)
   the space 87424K,   3% used [0x1aca0000, 0x1af65430, 0x1af65600, 0x20200000)
 Metaspace       used 11800K, capacity 12153K, committed 12288K, reserved 12672K
Event: 2.553 GC heap after
Heap after GC invocations=2 (full 0):
 def new generation   total 39296K, used 4352K [0x10200000, 0x12ca0000, 0x1aca0000)
  eden space 34944K,   0% used [0x10200000, 0x10200000, 0x12420000)
  from space 4352K, 100% used [0x12420000, 0x12860000, 0x12860000)
  to   space 4352K,   0% used [0x12860000, 0x12860000, 0x12ca0000)
 tenured generation   total 87424K, used 8623K [0x1aca0000, 0x20200000, 0x30200000)
   the space 87424K,   9% used [0x1aca0000, 0x1b50bc18, 0x1b50be00, 0x20200000)
 Metaspace       used 11800K, capacity 12153K, committed 12288K, reserved 12672K
}
Event: 2.896 GC heap before
{Heap before GC invocations=2 (full 0):
 def new generation   total 39296K, used 10530K [0x10200000, 0x12ca0000, 0x1aca0000)
  eden space 34944K,  17% used [0x10200000, 0x10808920, 0x12420000)
  from space 4352K, 100% used [0x12420000, 0x12860000, 0x12860000)
  to   space 4352K,   0% used [0x12860000, 0x12860000, 0x12ca0000)
 tenured generation   total 87424K, used 8623K [0x1aca0000, 0x20200000, 0x30200000)
   the space 87424K,   9% used [0x1aca0000, 0x1b50bc18, 0x1b50be00, 0x20200000)
 Metaspace       used 11918K, capacity 12262K, committed 12288K, reserved 12672K
Event: 2.930 GC heap after
Heap after GC invocations=3 (full 1):
 def new generation   total 39424K, used 0K [0x10200000, 0x12cc0000, 0x1aca0000)
  eden space 35072K,   0% used [0x10200000, 0x10200000, 0x12440000)
  from space 4352K,   0% used [0x12440000, 0x12440000, 0x12880000)
  to   space 4352K,   0% used [0x12880000, 0x12880000, 0x12cc0000)
 tenured generation   total 87424K, used 13525K [0x1aca0000, 0x20200000, 0x30200000)
   the space 87424K,  15% used [0x1aca0000, 0x1b9d57f8, 0x1b9d5800, 0x20200000)
 Metaspace       used 11918K, capacity 12262K, committed 12288K, reserved 12672K
}
Event: 4.167 GC heap before
{Heap before GC invocations=3 (full 1):
 def new generation   total 39424K, used 33827K [0x10200000, 0x12cc0000, 0x1aca0000)
  eden space 35072K,  96% used [0x10200000, 0x12308d78, 0x12440000)
  from space 4352K,   0% used [0x12440000, 0x12440000, 0x12880000)
  to   space 4352K,   0% used [0x12880000, 0x12880000, 0x12cc0000)
 tenured generation   total 87424K, used 13525K [0x1aca0000, 0x20200000, 0x30200000)
   the space 87424K,  15% used [0x1aca0000, 0x1b9d57f8, 0x1b9d5800, 0x20200000)
 Metaspace       used 17212K, capacity 17630K, committed 17792K, reserved 17792K
Event: 4.189 GC heap after
Heap after GC invocations=4 (full 1):
 def new generation   total 39424K, used 4352K [0x10200000, 0x12cc0000, 0x1aca0000)
  eden space 35072K,   0% used [0x10200000, 0x10200000, 0x12440000)
  from space 4352K, 100% used [0x12880000, 0x12cc0000, 0x12cc0000)
  to   space 4352K,   0% used [0x12440000, 0x12440000, 0x12880000)
 tenured generation   total 87424K, used 15100K [0x1aca0000, 0x20200000, 0x30200000)
   the space 87424K,  17% used [0x1aca0000, 0x1bb5f210, 0x1bb5f400, 0x20200000)
 Metaspace       used 17212K, capacity 17630K, committed 17792K, reserved 17792K
}
Event: 6900.515 GC heap before
{Heap before GC invocations=4 (full 1):
 def new generation   total 39424K, used 39424K [0x10200000, 0x12cc0000, 0x1aca0000)
  eden space 35072K, 100% used [0x10200000, 0x12440000, 0x12440000)
  from space 4352K, 100% used [0x12880000, 0x12cc0000, 0x12cc0000)
  to   space 4352K,   0% used [0x12440000, 0x12440000, 0x12880000)
 tenured generation   total 87424K, used 15100K [0x1aca0000, 0x20200000, 0x30200000)
   the space 87424K,  17% used [0x1aca0000, 0x1bb5f210, 0x1bb5f400, 0x20200000)
 Metaspace       used 17871K, capacity 18328K, committed 18432K, reserved 18816K
Event: 6900.530 GC heap after
Heap after GC invocations=5 (full 1):
 def new generation   total 39424K, used 2298K [0x10200000, 0x12cc0000, 0x1aca0000)
  eden space 35072K,   0% used [0x10200000, 0x10200000, 0x12440000)
  from space 4352K,  52% used [0x12440000, 0x1267ebc8, 0x12880000)
  to   space 4352K,   0% used [0x12880000, 0x12880000, 0x12cc0000)
 tenured generation   total 87424K, used 21243K [0x1aca0000, 0x20200000, 0x30200000)
   the space 87424K,  24% used [0x1aca0000, 0x1c15eeb0, 0x1c15f000, 0x20200000)
 Metaspace       used 17871K, capacity 18328K, committed 18432K, reserved 18816K
}
Event: 7089.462 GC heap before
{Heap before GC invocations=5 (full 1):
 def new generation   total 39424K, used 37370K [0x10200000, 0x12cc0000, 0x1aca0000)
  eden space 35072K, 100% used [0x10200000, 0x12440000, 0x12440000)
  from space 4352K,  52% used [0x12440000, 0x1267ebc8, 0x12880000)
  to   space 4352K,   0% used [0x12880000, 0x12880000, 0x12cc0000)
 tenured generation   total 87424K, used 21243K [0x1aca0000, 0x20200000, 0x30200000)
   the space 87424K,  24% used [0x1aca0000, 0x1c15eeb0, 0x1c15f000, 0x20200000)
 Metaspace       used 17873K, capacity 18328K, committed 18432K, reserved 18816K
Event: 7089.468 GC heap after
Heap after GC invocations=6 (full 1):
 def new generation   total 39424K, used 492K [0x10200000, 0x12cc0000, 0x1aca0000)
  eden space 35072K,   0% used [0x10200000, 0x10200000, 0x12440000)
  from space 4352K,  11% used [0x12880000, 0x128fb3f0, 0x12cc0000)
  to   space 4352K,   0% used [0x12440000, 0x12440000, 0x12880000)
 tenured generation   total 87424K, used 22565K [0x1aca0000, 0x20200000, 0x30200000)
   the space 87424K,  25% used [0x1aca0000, 0x1c2a9788, 0x1c2a9800, 0x20200000)
 Metaspace       used 17873K, capacity 18328K, committed 18432K, reserved 18816K
}

