# JRE version: Java(TM) SE Runtime Environment (8.0_92-b14) (build 1.8.0_92-b14)
# Java VM: Java HotSpot(TM) Client VM (25.92-b14 mixed mode windows-x86 )
Heap:
 def new generation   total 39424K, used 30625K [0x10200000, 0x12cc0000, 0x1aca0000)
  eden space 35072K,  74% used [0x10200000, 0x11ba8448, 0x12440000)
  from space 4352K, 100% used [0x12880000, 0x12cc0000, 0x12cc0000)
  to   space 4352K,   0% used [0x12440000, 0x12440000, 0x12880000)
 tenured generation   total 87424K, used 15058K [0x1aca0000, 0x20200000, 0x30200000)
   the space 87424K,  17% used [0x1aca0000, 0x1bb54850, 0x1bb54a00, 0x20200000)
 Metaspace       used 17700K, capacity 18135K, committed 18304K, reserved 18816K
GC Heap History (8 events):
Event: 1.404 GC heap before
{Heap before GC invocations=0 (full 0):
 def new generation   total 39296K, used 34944K [0x10200000, 0x12ca0000, 0x1aca0000)
  eden space 34944K, 100% used [0x10200000, 0x12420000, 0x12420000)
  from space 4352K,   0% used [0x12420000, 0x12420000, 0x12860000)
  to   space 4352K,   0% used [0x12860000, 0x12860000, 0x12ca0000)
 tenured generation   total 87424K, used 0K [0x1aca0000, 0x20200000, 0x30200000)
   the space 87424K,   0% used [0x1aca0000, 0x1aca0000, 0x1aca0200, 0x20200000)
 Metaspace       used 9662K, capacity 9830K, committed 9984K, reserved 10624K
Event: 1.420 GC heap after
Heap after GC invocations=1 (full 0):
 def new generation   total 39296K, used 4352K [0x10200000, 0x12ca0000, 0x1aca0000)
  eden space 34944K,   0% used [0x10200000, 0x10200000, 0x12420000)
  from space 4352K, 100% used [0x12860000, 0x12ca0000, 0x12ca0000)
  to   space 4352K,   0% used [0x12420000, 0x12420000, 0x12860000)
 tenured generation   total 87424K, used 2792K [0x1aca0000, 0x20200000, 0x30200000)
   the space 87424K,   3% used [0x1aca0000, 0x1af5a2e8, 0x1af5a400, 0x20200000)
 Metaspace       used 9662K, capacity 9830K, committed 9984K, reserved 10624K
}
Event: 2.357 GC heap before
{Heap before GC invocations=1 (full 0):
 def new generation   total 39296K, used 39296K [0x10200000, 0x12ca0000, 0x1aca0000)
  eden space 34944K, 100% used [0x10200000, 0x12420000, 0x12420000)
  from space 4352K, 100% used [0x12860000, 0x12ca0000, 0x12ca0000)
  to   space 4352K,   0% used [0x12420000, 0x12420000, 0x12860000)
 tenured generation   total 87424K, used 2792K [0x1aca0000, 0x20200000, 0x30200000)
   the space 87424K,   3% used [0x1aca0000, 0x1af5a2e8, 0x1af5a400, 0x20200000)
 Metaspace       used 11801K, capacity 12153K, committed 12288K, reserved 12672K
Event: 2.389 GC heap after
Heap after GC invocations=2 (full 0):
 def new generation   total 39296K, used 4352K [0x10200000, 0x12ca0000, 0x1aca0000)
  eden space 34944K,   0% used [0x10200000, 0x10200000, 0x12420000)
  from space 4352K, 100% used [0x12420000, 0x12860000, 0x12860000)
  to   space 4352K,   0% used [0x12860000, 0x12860000, 0x12ca0000)
 tenured generation   total 87424K, used 8556K [0x1aca0000, 0x20200000, 0x30200000)
   the space 87424K,   9% used [0x1aca0000, 0x1b4fb110, 0x1b4fb200, 0x20200000)
 Metaspace       used 11801K, capacity 12153K, committed 12288K, reserved 12672K
}
Event: 2.757 GC heap before
{Heap before GC invocations=2 (full 0):
 def new generation   total 39296K, used 10534K [0x10200000, 0x12ca0000, 0x1aca0000)
  eden space 34944K,  17% used [0x10200000, 0x10809bc8, 0x12420000)
  from space 4352K, 100% used [0x12420000, 0x12860000, 0x12860000)
  to   space 4352K,   0% used [0x12860000, 0x12860000, 0x12ca0000)
 tenured generation   total 87424K, used 8556K [0x1aca0000, 0x20200000, 0x30200000)
   the space 87424K,   9% used [0x1aca0000, 0x1b4fb110, 0x1b4fb200, 0x20200000)
 Metaspace       used 11918K, capacity 12262K, committed 12288K, reserved 12672K
Event: 2.793 GC heap after
Heap after GC invocations=3 (full 1):
 def new generation   total 39424K, used 0K [0x10200000, 0x12cc0000, 0x1aca0000)
  eden space 35072K,   0% used [0x10200000, 0x10200000, 0x12440000)
  from space 4352K,   0% used [0x12440000, 0x12440000, 0x12880000)
  to   space 4352K,   0% used [0x12880000, 0x12880000, 0x12cc0000)
 tenured generation   total 87424K, used 13482K [0x1aca0000, 0x20200000, 0x30200000)
   the space 87424K,  15% used [0x1aca0000, 0x1b9ca8e0, 0x1b9caa00, 0x20200000)
 Metaspace       used 11918K, capacity 12262K, committed 12288K, reserved 12672K
}
Event: 4.000 GC heap before
{Heap before GC invocations=3 (full 1):
 def new generation   total 39424K, used 34097K [0x10200000, 0x12cc0000, 0x1aca0000)
  eden space 35072K,  97% used [0x10200000, 0x1234c4c8, 0x12440000)
  from space 4352K,   0% used [0x12440000, 0x12440000, 0x12880000)
  to   space 4352K,   0% used [0x12880000, 0x12880000, 0x12cc0000)
 tenured generation   total 87424K, used 13482K [0x1aca0000, 0x20200000, 0x30200000)
   the space 87424K,  15% used [0x1aca0000, 0x1b9ca8e0, 0x1b9caa00, 0x20200000)
 Metaspace       used 17173K, capacity 17566K, committed 17664K, reserved 17792K
Event: 4.023 GC heap after
Heap after GC invocations=4 (full 1):
 def new generation   total 39424K, used 4352K [0x10200000, 0x12cc0000, 0x1aca0000)
  eden space 35072K,   0% used [0x10200000, 0x10200000, 0x12440000)
  from space 4352K, 100% used [0x12880000, 0x12cc0000, 0x12cc0000)
  to   space 4352K,   0% used [0x12440000, 0x12440000, 0x12880000)
 tenured generation   total 87424K, used 15058K [0x1aca0000, 0x20200000, 0x30200000)
   the space 87424K,  17% used [0x1aca0000, 0x1bb54850, 0x1bb54a00, 0x20200000)
 Metaspace       used 17173K, capacity 17566K, committed 17664K, reserved 17792K
}

