# JRE version: Java(TM) SE Runtime Environment (8.0_92-b14) (build 1.8.0_92-b14)
# Java VM: Java HotSpot(TM) Client VM (25.92-b14 mixed mode windows-x86 )
Heap:
 def new generation   total 39424K, used 34382K [0x10200000, 0x12cc0000, 0x1aca0000)
  eden space 35072K,  95% used [0x10200000, 0x122b6d00, 0x12440000)
  from space 4352K,  20% used [0x12440000, 0x1251cdb0, 0x12880000)
  to   space 4352K,   0% used [0x12880000, 0x12880000, 0x12cc0000)
 tenured generation   total 87424K, used 24547K [0x1aca0000, 0x20200000, 0x30200000)
   the space 87424K,  28% used [0x1aca0000, 0x1c498c78, 0x1c498e00, 0x20200000)
 Metaspace       used 18208K, capacity 18687K, committed 18816K, reserved 18816K
GC Heap History (10 events):
Event: 2.856 GC heap before
{Heap before GC invocations=2 (full 0):
 def new generation   total 39296K, used 11327K [0x10200000, 0x12ca0000, 0x1aca0000)
  eden space 34944K,  19% used [0x10200000, 0x108cfd28, 0x12420000)
  from space 4352K, 100% used [0x12420000, 0x12860000, 0x12860000)
  to   space 4352K,   0% used [0x12860000, 0x12860000, 0x12ca0000)
 tenured generation   total 87424K, used 8489K [0x1aca0000, 0x20200000, 0x30200000)
   the space 87424K,   9% used [0x1aca0000, 0x1b4ea478, 0x1b4ea600, 0x20200000)
 Metaspace       used 11917K, capacity 12262K, committed 12288K, reserved 12672K
Event: 2.890 GC heap after
Heap after GC invocations=3 (full 1):
 def new generation   total 39424K, used 0K [0x10200000, 0x12cc0000, 0x1aca0000)
  eden space 35072K,   0% used [0x10200000, 0x10200000, 0x12440000)
  from space 4352K,   0% used [0x12440000, 0x12440000, 0x12880000)
  to   space 4352K,   0% used [0x12880000, 0x12880000, 0x12cc0000)
 tenured generation   total 87424K, used 13483K [0x1aca0000, 0x20200000, 0x30200000)
   the space 87424K,  15% used [0x1aca0000, 0x1b9cafd0, 0x1b9cb000, 0x20200000)
 Metaspace       used 11917K, capacity 12262K, committed 12288K, reserved 12672K
}
Event: 4.493 GC heap before
{Heap before GC invocations=3 (full 1):
 def new generation   total 39424K, used 34208K [0x10200000, 0x12cc0000, 0x1aca0000)
  eden space 35072K,  97% used [0x10200000, 0x123683a8, 0x12440000)
  from space 4352K,   0% used [0x12440000, 0x12440000, 0x12880000)
  to   space 4352K,   0% used [0x12880000, 0x12880000, 0x12cc0000)
 tenured generation   total 87424K, used 13483K [0x1aca0000, 0x20200000, 0x30200000)
   the space 87424K,  15% used [0x1aca0000, 0x1b9cafd0, 0x1b9cb000, 0x20200000)
 Metaspace       used 17283K, capacity 17694K, committed 17792K, reserved 17792K
Event: 4.512 GC heap after
Heap after GC invocations=4 (full 1):
 def new generation   total 39424K, used 4352K [0x10200000, 0x12cc0000, 0x1aca0000)
  eden space 35072K,   0% used [0x10200000, 0x10200000, 0x12440000)
  from space 4352K, 100% used [0x12880000, 0x12cc0000, 0x12cc0000)
  to   space 4352K,   0% used [0x12440000, 0x12440000, 0x12880000)
 tenured generation   total 87424K, used 15069K [0x1aca0000, 0x20200000, 0x30200000)
   the space 87424K,  17% used [0x1aca0000, 0x1bb57678, 0x1bb57800, 0x20200000)
 Metaspace       used 17283K, capacity 17694K, committed 17792K, reserved 17792K
}
Event: 675.479 GC heap before
{Heap before GC invocations=4 (full 1):
 def new generation   total 39424K, used 39424K [0x10200000, 0x12cc0000, 0x1aca0000)
  eden space 35072K, 100% used [0x10200000, 0x12440000, 0x12440000)
  from space 4352K, 100% used [0x12880000, 0x12cc0000, 0x12cc0000)
  to   space 4352K,   0% used [0x12440000, 0x12440000, 0x12880000)
 tenured generation   total 87424K, used 15069K [0x1aca0000, 0x20200000, 0x30200000)
   the space 87424K,  17% used [0x1aca0000, 0x1bb57678, 0x1bb57800, 0x20200000)
 Metaspace       used 17832K, capacity 18264K, committed 18304K, reserved 18816K
Event: 675.503 GC heap after
Heap after GC invocations=5 (full 1):
 def new generation   total 39424K, used 2170K [0x10200000, 0x12cc0000, 0x1aca0000)
  eden space 35072K,   0% used [0x10200000, 0x10200000, 0x12440000)
  from space 4352K,  49% used [0x12440000, 0x1265e978, 0x12880000)
  to   space 4352K,   0% used [0x12880000, 0x12880000, 0x12cc0000)
 tenured generation   total 87424K, used 21218K [0x1aca0000, 0x20200000, 0x30200000)
   the space 87424K,  24% used [0x1aca0000, 0x1c158940, 0x1c158a00, 0x20200000)
 Metaspace       used 17832K, capacity 18264K, committed 18304K, reserved 18816K
}
Event: 1052.593 GC heap before
{Heap before GC invocations=5 (full 1):
 def new generation   total 39424K, used 37242K [0x10200000, 0x12cc0000, 0x1aca0000)
  eden space 35072K, 100% used [0x10200000, 0x12440000, 0x12440000)
  from space 4352K,  49% used [0x12440000, 0x1265e978, 0x12880000)
  to   space 4352K,   0% used [0x12880000, 0x12880000, 0x12cc0000)
 tenured generation   total 87424K, used 21218K [0x1aca0000, 0x20200000, 0x30200000)
   the space 87424K,  24% used [0x1aca0000, 0x1c158940, 0x1c158a00, 0x20200000)
 Metaspace       used 18202K, capacity 18685K, committed 18816K, reserved 18816K
Event: 1052.608 GC heap after
Heap after GC invocations=6 (full 1):
 def new generation   total 39424K, used 3815K [0x10200000, 0x12cc0000, 0x1aca0000)
  eden space 35072K,   0% used [0x10200000, 0x10200000, 0x12440000)
  from space 4352K,  87% used [0x12880000, 0x12c39ef8, 0x12cc0000)
  to   space 4352K,   0% used [0x12440000, 0x12440000, 0x12880000)
 tenured generation   total 87424K, used 21218K [0x1aca0000, 0x20200000, 0x30200000)
   the space 87424K,  24% used [0x1aca0000, 0x1c158940, 0x1c158a00, 0x20200000)
 Metaspace       used 18202K, capacity 18685K, committed 18816K, reserved 18816K
}
Event: 1158.595 GC heap before
{Heap before GC invocations=6 (full 1):
 def new generation   total 39424K, used 38887K [0x10200000, 0x12cc0000, 0x1aca0000)
  eden space 35072K, 100% used [0x10200000, 0x12440000, 0x12440000)
  from space 4352K,  87% used [0x12880000, 0x12c39ef8, 0x12cc0000)
  to   space 4352K,   0% used [0x12440000, 0x12440000, 0x12880000)
 tenured generation   total 87424K, used 21218K [0x1aca0000, 0x20200000, 0x30200000)
   the space 87424K,  24% used [0x1aca0000, 0x1c158940, 0x1c158a00, 0x20200000)
 Metaspace       used 18208K, capacity 18687K, committed 18816K, reserved 18816K
Event: 1158.608 GC heap after
Heap after GC invocations=7 (full 1):
 def new generation   total 39424K, used 883K [0x10200000, 0x12cc0000, 0x1aca0000)
  eden space 35072K,   0% used [0x10200000, 0x10200000, 0x12440000)
  from space 4352K,  20% used [0x12440000, 0x1251cdb0, 0x12880000)
  to   space 4352K,   0% used [0x12880000, 0x12880000, 0x12cc0000)
 tenured generation   total 87424K, used 24547K [0x1aca0000, 0x20200000, 0x30200000)
   the space 87424K,  28% used [0x1aca0000, 0x1c498c78, 0x1c498e00, 0x20200000)
 Metaspace       used 18208K, capacity 18687K, committed 18816K, reserved 18816K
}

