# JRE version: Java(TM) SE Runtime Environment (8.0_92-b14) (build 1.8.0_92-b14)
# Java VM: Java HotSpot(TM) Client VM (25.92-b14 mixed mode windows-x86 )
Heap:
 def new generation   total 52032K, used 35921K [0x10200000, 0x13a70000, 0x1aca0000)
  eden space 46272K,  72% used [0x10200000, 0x1228a778, 0x12f30000)
  from space 5760K,  45% used [0x134d0000, 0x13759c90, 0x13a70000)
  to   space 5760K,   0% used [0x12f30000, 0x12f30000, 0x134d0000)
 tenured generation   total 115420K, used 104021K [0x1aca0000, 0x21d57000, 0x30200000)
   the space 115420K,  90% used [0x1aca0000, 0x212354e0, 0x21235600, 0x21d57000)
 Metaspace       used 18428K, capacity 18845K, committed 19072K, reserved 19840K
GC Heap History (10 events):
Event: 350.613 GC heap before
{Heap before GC invocations=887 (full 47):
 def new generation   total 52032K, used 41391K [0x10200000, 0x13a70000, 0x1aca0000)
  eden space 46272K,  89% used [0x10200000, 0x12a6bc50, 0x12f30000)
  from space 5760K,   0% used [0x12f30000, 0x12f30000, 0x134d0000)
  to   space 5760K,   0% used [0x134d0000, 0x134d0000, 0x13a70000)
 tenured generation   total 115420K, used 69250K [0x1aca0000, 0x21d57000, 0x30200000)
   the space 115420K,  59% used [0x1aca0000, 0x1f0409d8, 0x1f040a00, 0x21d57000)
 Metaspace       used 18315K, capacity 18737K, committed 18944K, reserved 19840K
Event: 350.614 GC heap after
Heap after GC invocations=888 (full 47):
 def new generation   total 52032K, used 52K [0x10200000, 0x13a70000, 0x1aca0000)
  eden space 46272K,   0% used [0x10200000, 0x10200000, 0x12f30000)
  from space 5760K,   0% used [0x134d0000, 0x134dd108, 0x13a70000)
  to   space 5760K,   0% used [0x12f30000, 0x12f30000, 0x134d0000)
 tenured generation   total 115420K, used 69250K [0x1aca0000, 0x21d57000, 0x30200000)
   the space 115420K,  59% used [0x1aca0000, 0x1f0409d8, 0x1f040a00, 0x21d57000)
 Metaspace       used 18315K, capacity 18737K, committed 18944K, reserved 19840K
}
Event: 351.010 GC heap before
{Heap before GC invocations=888 (full 47):
 def new generation   total 52032K, used 42447K [0x10200000, 0x13a70000, 0x1aca0000)
  eden space 46272K,  91% used [0x10200000, 0x12b66ca8, 0x12f30000)
  from space 5760K,   0% used [0x134d0000, 0x134dd108, 0x13a70000)
  to   space 5760K,   0% used [0x12f30000, 0x12f30000, 0x134d0000)
 tenured generation   total 115420K, used 69250K [0x1aca0000, 0x21d57000, 0x30200000)
   the space 115420K,  59% used [0x1aca0000, 0x1f0409d8, 0x1f040a00, 0x21d57000)
 Metaspace       used 18315K, capacity 18737K, committed 18944K, reserved 19840K
Event: 351.013 GC heap after
Heap after GC invocations=889 (full 47):
 def new generation   total 52032K, used 54K [0x10200000, 0x13a70000, 0x1aca0000)
  eden space 46272K,   0% used [0x10200000, 0x10200000, 0x12f30000)
  from space 5760K,   0% used [0x12f30000, 0x12f3dbd0, 0x134d0000)
  to   space 5760K,   0% used [0x134d0000, 0x134d0000, 0x13a70000)
 tenured generation   total 115420K, used 78315K [0x1aca0000, 0x21d57000, 0x30200000)
   the space 115420K,  67% used [0x1aca0000, 0x1f91adb8, 0x1f91ae00, 0x21d57000)
 Metaspace       used 18315K, capacity 18737K, committed 18944K, reserved 19840K
}
Event: 538.325 GC heap before
{Heap before GC invocations=889 (full 47):
 def new generation   total 52032K, used 46326K [0x10200000, 0x13a70000, 0x1aca0000)
  eden space 46272K, 100% used [0x10200000, 0x12f30000, 0x12f30000)
  from space 5760K,   0% used [0x12f30000, 0x12f3dbd0, 0x134d0000)
  to   space 5760K,   0% used [0x134d0000, 0x134d0000, 0x13a70000)
 tenured generation   total 115420K, used 78315K [0x1aca0000, 0x21d57000, 0x30200000)
   the space 115420K,  67% used [0x1aca0000, 0x1f91adb8, 0x1f91ae00, 0x21d57000)
 Metaspace       used 18416K, capacity 18838K, committed 19072K, reserved 19840K
Event: 538.349 GC heap after
Heap after GC invocations=890 (full 47):
 def new generation   total 52032K, used 4777K [0x10200000, 0x13a70000, 0x1aca0000)
  eden space 46272K,   0% used [0x10200000, 0x10200000, 0x12f30000)
  from space 5760K,  82% used [0x134d0000, 0x1397a468, 0x13a70000)
  to   space 5760K,   0% used [0x12f30000, 0x12f30000, 0x134d0000)
 tenured generation   total 115420K, used 96445K [0x1aca0000, 0x21d57000, 0x30200000)
   the space 115420K,  83% used [0x1aca0000, 0x20acf570, 0x20acf600, 0x21d57000)
 Metaspace       used 18416K, capacity 18838K, committed 19072K, reserved 19840K
}
Event: 816.364 GC heap before
{Heap before GC invocations=890 (full 47):
 def new generation   total 52032K, used 51049K [0x10200000, 0x13a70000, 0x1aca0000)
  eden space 46272K, 100% used [0x10200000, 0x12f30000, 0x12f30000)
  from space 5760K,  82% used [0x134d0000, 0x1397a468, 0x13a70000)
  to   space 5760K,   0% used [0x12f30000, 0x12f30000, 0x134d0000)
 tenured generation   total 115420K, used 96445K [0x1aca0000, 0x21d57000, 0x30200000)
   the space 115420K,  83% used [0x1aca0000, 0x20acf570, 0x20acf600, 0x21d57000)
 Metaspace       used 18428K, capacity 18845K, committed 19072K, reserved 19840K
Event: 816.373 GC heap after
Heap after GC invocations=891 (full 47):
 def new generation   total 52032K, used 3466K [0x10200000, 0x13a70000, 0x1aca0000)
  eden space 46272K,   0% used [0x10200000, 0x10200000, 0x12f30000)
  from space 5760K,  60% used [0x12f30000, 0x13292870, 0x134d0000)
  to   space 5760K,   0% used [0x134d0000, 0x134d0000, 0x13a70000)
 tenured generation   total 115420K, used 101142K [0x1aca0000, 0x21d57000, 0x30200000)
   the space 115420K,  87% used [0x1aca0000, 0x20f65ba8, 0x20f65c00, 0x21d57000)
 Metaspace       used 18428K, capacity 18845K, committed 19072K, reserved 19840K
}
Event: 961.565 GC heap before
{Heap before GC invocations=891 (full 47):
 def new generation   total 52032K, used 49738K [0x10200000, 0x13a70000, 0x1aca0000)
  eden space 46272K, 100% used [0x10200000, 0x12f30000, 0x12f30000)
  from space 5760K,  60% used [0x12f30000, 0x13292870, 0x134d0000)
  to   space 5760K,   0% used [0x134d0000, 0x134d0000, 0x13a70000)
 tenured generation   total 115420K, used 101142K [0x1aca0000, 0x21d57000, 0x30200000)
   the space 115420K,  87% used [0x1aca0000, 0x20f65ba8, 0x20f65c00, 0x21d57000)
 Metaspace       used 18428K, capacity 18845K, committed 19072K, reserved 19840K
Event: 961.570 GC heap after
Heap after GC invocations=892 (full 47):
 def new generation   total 52032K, used 2599K [0x10200000, 0x13a70000, 0x1aca0000)
  eden space 46272K,   0% used [0x10200000, 0x10200000, 0x12f30000)
  from space 5760K,  45% used [0x134d0000, 0x13759c90, 0x13a70000)
  to   space 5760K,   0% used [0x12f30000, 0x12f30000, 0x134d0000)
 tenured generation   total 115420K, used 104021K [0x1aca0000, 0x21d57000, 0x30200000)
   the space 115420K,  90% used [0x1aca0000, 0x212354e0, 0x21235600, 0x21d57000)
 Metaspace       used 18428K, capacity 18845K, committed 19072K, reserved 19840K
}

