# JRE version: Java(TM) SE Runtime Environment (8.0_92-b14) (build 1.8.0_92-b14)
# Java VM: Java HotSpot(TM) Client VM (25.92-b14 mixed mode windows-x86 )
Heap:
 def new generation   total 39424K, used 15984K [0x10200000, 0x12cc0000, 0x1aca0000)
  eden space 35072K,  41% used [0x10200000, 0x1101e318, 0x12440000)
  from space 4352K,  35% used [0x12880000, 0x129fe018, 0x12cc0000)
  to   space 4352K,   0% used [0x12440000, 0x12440000, 0x12880000)
 tenured generation   total 87424K, used 21211K [0x1aca0000, 0x20200000, 0x30200000)
   the space 87424K,  24% used [0x1aca0000, 0x1c156f70, 0x1c157000, 0x20200000)
 Metaspace       used 17844K, capacity 18296K, committed 18432K, reserved 18816K
GC Heap History (10 events):
Event: 4.103 GC heap before
{Heap before GC invocations=3 (full 1):
 def new generation   total 39424K, used 34000K [0x10200000, 0x12cc0000, 0x1aca0000)
  eden space 35072K,  96% used [0x10200000, 0x123343d8, 0x12440000)
  from space 4352K,   0% used [0x12440000, 0x12440000, 0x12880000)
  to   space 4352K,   0% used [0x12880000, 0x12880000, 0x12cc0000)
 tenured generation   total 87424K, used 13481K [0x1aca0000, 0x20200000, 0x30200000)
   the space 87424K,  15% used [0x1aca0000, 0x1b9ca400, 0x1b9ca400, 0x20200000)
 Metaspace       used 17234K, capacity 17630K, committed 17792K, reserved 17792K
Event: 4.125 GC heap after
Heap after GC invocations=4 (full 1):
 def new generation   total 39424K, used 4352K [0x10200000, 0x12cc0000, 0x1aca0000)
  eden space 35072K,   0% used [0x10200000, 0x10200000, 0x12440000)
  from space 4352K, 100% used [0x12880000, 0x12cc0000, 0x12cc0000)
  to   space 4352K,   0% used [0x12440000, 0x12440000, 0x12880000)
 tenured generation   total 87424K, used 15061K [0x1aca0000, 0x20200000, 0x30200000)
   the space 87424K,  17% used [0x1aca0000, 0x1bb555e8, 0x1bb55600, 0x20200000)
 Metaspace       used 17234K, capacity 17630K, committed 17792K, reserved 17792K
}
Event: 126.872 GC heap before
{Heap before GC invocations=4 (full 1):
 def new generation   total 39424K, used 39424K [0x10200000, 0x12cc0000, 0x1aca0000)
  eden space 35072K, 100% used [0x10200000, 0x12440000, 0x12440000)
  from space 4352K, 100% used [0x12880000, 0x12cc0000, 0x12cc0000)
  to   space 4352K,   0% used [0x12440000, 0x12440000, 0x12880000)
 tenured generation   total 87424K, used 15061K [0x1aca0000, 0x20200000, 0x30200000)
   the space 87424K,  17% used [0x1aca0000, 0x1bb555e8, 0x1bb55600, 0x20200000)
 Metaspace       used 17827K, capacity 18264K, committed 18304K, reserved 18816K
Event: 126.887 GC heap after
Heap after GC invocations=5 (full 1):
 def new generation   total 39424K, used 2162K [0x10200000, 0x12cc0000, 0x1aca0000)
  eden space 35072K,   0% used [0x10200000, 0x10200000, 0x12440000)
  from space 4352K,  49% used [0x12440000, 0x1265ca58, 0x12880000)
  to   space 4352K,   0% used [0x12880000, 0x12880000, 0x12cc0000)
 tenured generation   total 87424K, used 21211K [0x1aca0000, 0x20200000, 0x30200000)
   the space 87424K,  24% used [0x1aca0000, 0x1c156f70, 0x1c157000, 0x20200000)
 Metaspace       used 17827K, capacity 18264K, committed 18304K, reserved 18816K
}
Event: 1634.663 GC heap before
{Heap before GC invocations=5 (full 1):
 def new generation   total 39424K, used 37234K [0x10200000, 0x12cc0000, 0x1aca0000)
  eden space 35072K, 100% used [0x10200000, 0x12440000, 0x12440000)
  from space 4352K,  49% used [0x12440000, 0x1265ca58, 0x12880000)
  to   space 4352K,   0% used [0x12880000, 0x12880000, 0x12cc0000)
 tenured generation   total 87424K, used 21211K [0x1aca0000, 0x20200000, 0x30200000)
   the space 87424K,  24% used [0x1aca0000, 0x1c156f70, 0x1c157000, 0x20200000)
 Metaspace       used 17831K, capacity 18264K, committed 18304K, reserved 18816K
Event: 1634.667 GC heap after
Heap after GC invocations=6 (full 1):
 def new generation   total 39424K, used 1555K [0x10200000, 0x12cc0000, 0x1aca0000)
  eden space 35072K,   0% used [0x10200000, 0x10200000, 0x12440000)
  from space 4352K,  35% used [0x12880000, 0x12a04c28, 0x12cc0000)
  to   space 4352K,   0% used [0x12440000, 0x12440000, 0x12880000)
 tenured generation   total 87424K, used 21211K [0x1aca0000, 0x20200000, 0x30200000)
   the space 87424K,  24% used [0x1aca0000, 0x1c156f70, 0x1c157000, 0x20200000)
 Metaspace       used 17831K, capacity 18264K, committed 18304K, reserved 18816K
}
Event: 1953.097 GC heap before
{Heap before GC invocations=6 (full 1):
 def new generation   total 39424K, used 36627K [0x10200000, 0x12cc0000, 0x1aca0000)
  eden space 35072K, 100% used [0x10200000, 0x12440000, 0x12440000)
  from space 4352K,  35% used [0x12880000, 0x12a04c28, 0x12cc0000)
  to   space 4352K,   0% used [0x12440000, 0x12440000, 0x12880000)
 tenured generation   total 87424K, used 21211K [0x1aca0000, 0x20200000, 0x30200000)
   the space 87424K,  24% used [0x1aca0000, 0x1c156f70, 0x1c157000, 0x20200000)
 Metaspace       used 17831K, capacity 18264K, committed 18304K, reserved 18816K
Event: 1953.101 GC heap after
Heap after GC invocations=7 (full 1):
 def new generation   total 39424K, used 1484K [0x10200000, 0x12cc0000, 0x1aca0000)
  eden space 35072K,   0% used [0x10200000, 0x10200000, 0x12440000)
  from space 4352K,  34% used [0x12440000, 0x125b3278, 0x12880000)
  to   space 4352K,   0% used [0x12880000, 0x12880000, 0x12cc0000)
 tenured generation   total 87424K, used 21211K [0x1aca0000, 0x20200000, 0x30200000)
   the space 87424K,  24% used [0x1aca0000, 0x1c156f70, 0x1c157000, 0x20200000)
 Metaspace       used 17831K, capacity 18264K, committed 18304K, reserved 18816K
}
Event: 2124.043 GC heap before
{Heap before GC invocations=7 (full 1):
 def new generation   total 39424K, used 36556K [0x10200000, 0x12cc0000, 0x1aca0000)
  eden space 35072K, 100% used [0x10200000, 0x12440000, 0x12440000)
  from space 4352K,  34% used [0x12440000, 0x125b3278, 0x12880000)
  to   space 4352K,   0% used [0x12880000, 0x12880000, 0x12cc0000)
 tenured generation   total 87424K, used 21211K [0x1aca0000, 0x20200000, 0x30200000)
   the space 87424K,  24% used [0x1aca0000, 0x1c156f70, 0x1c157000, 0x20200000)
 Metaspace       used 17831K, capacity 18264K, committed 18304K, reserved 18816K
Event: 2124.048 GC heap after
Heap after GC invocations=8 (full 1):
 def new generation   total 39424K, used 1528K [0x10200000, 0x12cc0000, 0x1aca0000)
  eden space 35072K,   0% used [0x10200000, 0x10200000, 0x12440000)
  from space 4352K,  35% used [0x12880000, 0x129fe018, 0x12cc0000)
  to   space 4352K,   0% used [0x12440000, 0x12440000, 0x12880000)
 tenured generation   total 87424K, used 21211K [0x1aca0000, 0x20200000, 0x30200000)
   the space 87424K,  24% used [0x1aca0000, 0x1c156f70, 0x1c157000, 0x20200000)
 Metaspace       used 17831K, capacity 18264K, committed 18304K, reserved 18816K
}

