# JRE version: Java(TM) SE Runtime Environment (8.0_92-b14) (build 1.8.0_92-b14)
# Java VM: Java HotSpot(TM) Client VM (25.92-b14 mixed mode windows-x86 )
Heap:
 def new generation   total 39424K, used 30289K [0x10200000, 0x12cc0000, 0x1aca0000)
  eden space 35072K,  79% used [0x10200000, 0x11d12a28, 0x12440000)
  from space 4352K,  58% used [0x12880000, 0x12b01cd0, 0x12cc0000)
  to   space 4352K,   0% used [0x12440000, 0x12440000, 0x12880000)
 tenured generation   total 87424K, used 23902K [0x1aca0000, 0x20200000, 0x30200000)
   the space 87424K,  27% used [0x1aca0000, 0x1c3f79b0, 0x1c3f7a00, 0x20200000)
 Metaspace       used 18411K, capacity 18874K, committed 18944K, reserved 19840K
GC Heap History (10 events):
Event: 2.303 GC heap before
{Heap before GC invocations=1 (full 0):
 def new generation   total 39296K, used 39296K [0x10200000, 0x12ca0000, 0x1aca0000)
  eden space 34944K, 100% used [0x10200000, 0x12420000, 0x12420000)
  from space 4352K, 100% used [0x12860000, 0x12ca0000, 0x12ca0000)
  to   space 4352K,   0% used [0x12420000, 0x12420000, 0x12860000)
 tenured generation   total 87424K, used 2792K [0x1aca0000, 0x20200000, 0x30200000)
   the space 87424K,   3% used [0x1aca0000, 0x1af5a1f8, 0x1af5a200, 0x20200000)
 Metaspace       used 11801K, capacity 12153K, committed 12288K, reserved 12672K
Event: 2.330 GC heap after
Heap after GC invocations=2 (full 0):
 def new generation   total 39296K, used 4352K [0x10200000, 0x12ca0000, 0x1aca0000)
  eden space 34944K,   0% used [0x10200000, 0x10200000, 0x12420000)
  from space 4352K, 100% used [0x12420000, 0x12860000, 0x12860000)
  to   space 4352K,   0% used [0x12860000, 0x12860000, 0x12ca0000)
 tenured generation   total 87424K, used 8523K [0x1aca0000, 0x20200000, 0x30200000)
   the space 87424K,   9% used [0x1aca0000, 0x1b4f2c80, 0x1b4f2e00, 0x20200000)
 Metaspace       used 11801K, capacity 12153K, committed 12288K, reserved 12672K
}
Event: 2.669 GC heap before
{Heap before GC invocations=2 (full 0):
 def new generation   total 39296K, used 11311K [0x10200000, 0x12ca0000, 0x1aca0000)
  eden space 34944K,  19% used [0x10200000, 0x108cbc90, 0x12420000)
  from space 4352K, 100% used [0x12420000, 0x12860000, 0x12860000)
  to   space 4352K,   0% used [0x12860000, 0x12860000, 0x12ca0000)
 tenured generation   total 87424K, used 8523K [0x1aca0000, 0x20200000, 0x30200000)
   the space 87424K,   9% used [0x1aca0000, 0x1b4f2c80, 0x1b4f2e00, 0x20200000)
 Metaspace       used 11918K, capacity 12262K, committed 12288K, reserved 12672K
Event: 2.701 GC heap after
Heap after GC invocations=3 (full 1):
 def new generation   total 39424K, used 0K [0x10200000, 0x12cc0000, 0x1aca0000)
  eden space 35072K,   0% used [0x10200000, 0x10200000, 0x12440000)
  from space 4352K,   0% used [0x12440000, 0x12440000, 0x12880000)
  to   space 4352K,   0% used [0x12880000, 0x12880000, 0x12cc0000)
 tenured generation   total 87424K, used 13481K [0x1aca0000, 0x20200000, 0x30200000)
   the space 87424K,  15% used [0x1aca0000, 0x1b9ca418, 0x1b9ca600, 0x20200000)
 Metaspace       used 11918K, capacity 12262K, committed 12288K, reserved 12672K
}
Event: 9.926 GC heap before
{Heap before GC invocations=3 (full 1):
 def new generation   total 39424K, used 35072K [0x10200000, 0x12cc0000, 0x1aca0000)
  eden space 35072K, 100% used [0x10200000, 0x12440000, 0x12440000)
  from space 4352K,   0% used [0x12440000, 0x12440010, 0x12880000)
  to   space 4352K,   0% used [0x12880000, 0x12880000, 0x12cc0000)
 tenured generation   total 87424K, used 13481K [0x1aca0000, 0x20200000, 0x30200000)
   the space 87424K,  15% used [0x1aca0000, 0x1b9ca418, 0x1b9ca600, 0x20200000)
 Metaspace       used 17404K, capacity 17822K, committed 17920K, reserved 18816K
Event: 9.947 GC heap after
Heap after GC invocations=4 (full 1):
 def new generation   total 39424K, used 4352K [0x10200000, 0x12cc0000, 0x1aca0000)
  eden space 35072K,   0% used [0x10200000, 0x10200000, 0x12440000)
  from space 4352K, 100% used [0x12880000, 0x12cc0000, 0x12cc0000)
  to   space 4352K,   0% used [0x12440000, 0x12440000, 0x12880000)
 tenured generation   total 87424K, used 15240K [0x1aca0000, 0x20200000, 0x30200000)
   the space 87424K,  17% used [0x1aca0000, 0x1bb821f0, 0x1bb82200, 0x20200000)
 Metaspace       used 17404K, capacity 17822K, committed 17920K, reserved 18816K
}
Event: 81.229 GC heap before
{Heap before GC invocations=4 (full 1):
 def new generation   total 39424K, used 39424K [0x10200000, 0x12cc0000, 0x1aca0000)
  eden space 35072K, 100% used [0x10200000, 0x12440000, 0x12440000)
  from space 4352K, 100% used [0x12880000, 0x12cc0000, 0x12cc0000)
  to   space 4352K,   0% used [0x12440000, 0x12440000, 0x12880000)
 tenured generation   total 87424K, used 15240K [0x1aca0000, 0x20200000, 0x30200000)
   the space 87424K,  17% used [0x1aca0000, 0x1bb821f0, 0x1bb82200, 0x20200000)
 Metaspace       used 18119K, capacity 18552K, committed 18560K, reserved 18816K
Event: 81.246 GC heap after
Heap after GC invocations=5 (full 1):
 def new generation   total 39424K, used 4352K [0x10200000, 0x12cc0000, 0x1aca0000)
  eden space 35072K,   0% used [0x10200000, 0x10200000, 0x12440000)
  from space 4352K, 100% used [0x12440000, 0x12880000, 0x12880000)
  to   space 4352K,   0% used [0x12880000, 0x12880000, 0x12cc0000)
 tenured generation   total 87424K, used 19899K [0x1aca0000, 0x20200000, 0x30200000)
   the space 87424K,  22% used [0x1aca0000, 0x1c00ee78, 0x1c00f000, 0x20200000)
 Metaspace       used 18119K, capacity 18552K, committed 18560K, reserved 18816K
}
Event: 267.011 GC heap before
{Heap before GC invocations=5 (full 1):
 def new generation   total 39424K, used 39424K [0x10200000, 0x12cc0000, 0x1aca0000)
  eden space 35072K, 100% used [0x10200000, 0x12440000, 0x12440000)
  from space 4352K, 100% used [0x12440000, 0x12880000, 0x12880000)
  to   space 4352K,   0% used [0x12880000, 0x12880000, 0x12cc0000)
 tenured generation   total 87424K, used 19899K [0x1aca0000, 0x20200000, 0x30200000)
   the space 87424K,  22% used [0x1aca0000, 0x1c00ee78, 0x1c00f000, 0x20200000)
 Metaspace       used 18410K, capacity 18874K, committed 18944K, reserved 19840K
Event: 267.027 GC heap after
Heap after GC invocations=6 (full 1):
 def new generation   total 39424K, used 2567K [0x10200000, 0x12cc0000, 0x1aca0000)
  eden space 35072K,   0% used [0x10200000, 0x10200000, 0x12440000)
  from space 4352K,  58% used [0x12880000, 0x12b01cd0, 0x12cc0000)
  to   space 4352K,   0% used [0x12440000, 0x12440000, 0x12880000)
 tenured generation   total 87424K, used 23902K [0x1aca0000, 0x20200000, 0x30200000)
   the space 87424K,  27% used [0x1aca0000, 0x1c3f79b0, 0x1c3f7a00, 0x20200000)
 Metaspace       used 18410K, capacity 18874K, committed 18944K, reserved 19840K
}

